
  .   ____          _            __ _ _
 /\\ / ___'_ __ _ _(_)_ __  __ _ \ \ \ \
( ( )\___ | '_ | '_| | '_ \/ _` | \ \ \ \
 \\/  ___)| |_)| | | | | || (_| |  ) ) ) )
  '  |____| .__|_| |_|_| |_\__, | / / / /
 =========|_|==============|___/=/_/_/_/

 :: Spring Boot ::                (v4.0.3)

2026-04-03T12:12:33.702-07:00  INFO 28300 --- [matchmaking-engine] [           main] c.r.m.MatchmakingEngineApplication       : Starting MatchmakingEngineApplication v0.0.1-SNAPSHOT using Java 21.0.10 with PID 28300 (C:\Users\rjath\OneDrive\Documents\matchmaking-service\target\matchmaking-engine-0.0.1-SNAPSHOT.jar started by rjath in C:\Users\rjath\OneDrive\Documents\matchmaking-service)
2026-04-03T12:12:33.715-07:00  INFO 28300 --- [matchmaking-engine] [           main] c.r.m.MatchmakingEngineApplication       : No active profile set, falling back to 1 default profile: "default"
2026-04-03T12:12:35.919-07:00  INFO 28300 --- [matchmaking-engine] [           main] .s.d.r.c.RepositoryConfigurationDelegate : Multiple Spring Data modules found, entering strict repository configuration mode
2026-04-03T12:12:35.924-07:00  INFO 28300 --- [matchmaking-engine] [           main] .s.d.r.c.RepositoryConfigurationDelegate : Bootstrapping Spring Data JPA repositories in DEFAULT mode.
2026-04-03T12:12:36.292-07:00  INFO 28300 --- [matchmaking-engine] [           main] .s.d.r.c.RepositoryConfigurationDelegate : Finished Spring Data repository scanning in 329 ms. Found 2 JPA repository interfaces.
2026-04-03T12:12:36.391-07:00  INFO 28300 --- [matchmaking-engine] [           main] .s.d.r.c.RepositoryConfigurationDelegate : Multiple Spring Data modules found, entering strict repository configuration mode
2026-04-03T12:12:36.393-07:00  INFO 28300 --- [matchmaking-engine] [           main] .s.d.r.c.RepositoryConfigurationDelegate : Bootstrapping Spring Data Redis repositories in DEFAULT mode.
2026-04-03T12:12:36.419-07:00  INFO 28300 --- [matchmaking-engine] [           main] .RepositoryConfigurationExtensionSupport : Spring Data Redis - Could not safely identify store assignment for repository candidate interface com.rj.matchmaking_engine.repository.MatchRepository; If you want this repository to be a Redis repository, consider annotating your entities with one of these annotations: org.springframework.data.redis.core.RedisHash (preferred), or consider extending one of the following types with your repository: org.springframework.data.keyvalue.repository.KeyValueRepository
2026-04-03T12:12:36.420-07:00  INFO 28300 --- [matchmaking-engine] [           main] .RepositoryConfigurationExtensionSupport : Spring Data Redis - Could not safely identify store assignment for repository candidate interface com.rj.matchmaking_engine.repository.PlayerRepository; If you want this repository to be a Redis repository, consider annotating your entities with one of these annotations: org.springframework.data.redis.core.RedisHash (preferred), or consider extending one of the following types with your repository: org.springframework.data.keyvalue.repository.KeyValueRepository
2026-04-03T12:12:36.420-07:00  INFO 28300 --- [matchmaking-engine] [           main] .s.d.r.c.RepositoryConfigurationDelegate : Finished Spring Data repository scanning in 6 ms. Found 0 Redis repository interfaces.
2026-04-03T12:12:37.870-07:00  INFO 28300 --- [matchmaking-engine] [           main] o.s.boot.tomcat.TomcatWebServer          : Tomcat initialized with port 8080 (http)
2026-04-03T12:12:37.900-07:00  INFO 28300 --- [matchmaking-engine] [           main] o.apache.catalina.core.StandardService   : Starting service [Tomcat]
2026-04-03T12:12:37.901-07:00  INFO 28300 --- [matchmaking-engine] [           main] o.apache.catalina.core.StandardEngine    : Starting Servlet engine: [Apache Tomcat/11.0.18]
2026-04-03T12:12:37.966-07:00  INFO 28300 --- [matchmaking-engine] [           main] b.w.c.s.WebApplicationContextInitializer : Root WebApplicationContext: initialization completed in 4088 ms
2026-04-03T12:12:38.648-07:00  INFO 28300 --- [matchmaking-engine] [           main] org.hibernate.orm.jpa                    : HHH008540: Processing PersistenceUnitInfo [name: default]
2026-04-03T12:12:38.789-07:00  INFO 28300 --- [matchmaking-engine] [           main] org.hibernate.orm.core                   : HHH000001: Hibernate ORM core version 7.2.4.Final
2026-04-03T12:12:39.950-07:00  INFO 28300 --- [matchmaking-engine] [           main] o.s.o.j.p.SpringPersistenceUnitInfo      : No LoadTimeWeaver setup: ignoring JPA class transformer
2026-04-03T12:12:40.020-07:00  INFO 28300 --- [matchmaking-engine] [           main] com.zaxxer.hikari.HikariDataSource       : HikariPool-1 - Starting...
2026-04-03T12:12:40.527-07:00  INFO 28300 --- [matchmaking-engine] [           main] com.zaxxer.hikari.pool.HikariPool        : HikariPool-1 - Added connection org.postgresql.jdbc.PgConnection@5badeda0
2026-04-03T12:12:40.529-07:00  INFO 28300 --- [matchmaking-engine] [           main] com.zaxxer.hikari.HikariDataSource       : HikariPool-1 - Start completed.
2026-04-03T12:12:40.625-07:00  WARN 28300 --- [matchmaking-engine] [           main] org.hibernate.orm.deprecation            : HHH90000025: PostgreSQLDialect does not need to be specified explicitly using 'hibernate.dialect' (remove the property setting and it will be selected by default)
2026-04-03T12:12:40.687-07:00  INFO 28300 --- [matchmaking-engine] [           main] org.hibernate.orm.connections.pooling    : HHH10001005: Database info:
	Database JDBC URL [jdbc:postgresql://localhost:5432/matchmaking]
	Database driver: PostgreSQL JDBC Driver
	Database dialect: PostgreSQLDialect
	Database version: 16.13
	Default catalog/schema: matchmaking/public
	Autocommit mode: undefined/unknown
	Isolation level: READ_COMMITTED [default READ_COMMITTED]
	JDBC fetch size: none
	Pool: DataSourceConnectionProvider
	Minimum pool size: undefined/unknown
	Maximum pool size: undefined/unknown
2026-04-03T12:12:42.222-07:00  INFO 28300 --- [matchmaking-engine] [           main] org.hibernate.orm.core                   : HHH000489: No JTA platform available (set 'hibernate.transaction.jta.platform' to enable JTA platform integration)
2026-04-03T12:12:42.396-07:00  INFO 28300 --- [matchmaking-engine] [           main] j.LocalContainerEntityManagerFactoryBean : Initialized JPA EntityManagerFactory for persistence unit 'default'
2026-04-03T12:12:42.539-07:00  INFO 28300 --- [matchmaking-engine] [           main] o.s.d.j.r.query.QueryEnhancerFactories   : Hibernate is in classpath; If applicable, HQL parser will be used.
2026-04-03T12:12:43.602-07:00  WARN 28300 --- [matchmaking-engine] [           main] JpaBaseConfiguration$JpaWebConfiguration : spring.jpa.open-in-view is enabled by default. Therefore, database queries may be performed during view rendering. Explicitly configure spring.jpa.open-in-view to disable this warning
2026-04-03T12:12:44.868-07:00  INFO 28300 --- [matchmaking-engine] [           main] o.s.b.a.e.web.EndpointLinksResolver      : Exposing 1 endpoint beneath base path '/actuator'
2026-04-03T12:12:45.085-07:00  INFO 28300 --- [matchmaking-engine] [           main] o.s.boot.tomcat.TomcatWebServer          : Tomcat started on port 8080 (http) with context path '/'
2026-04-03T12:12:45.114-07:00  INFO 28300 --- [matchmaking-engine] [           main] c.r.m.MatchmakingEngineApplication       : Started MatchmakingEngineApplication in 12.466 seconds (process running for 13.661)
2026-04-03T12:12:47.484-07:00  INFO 28300 --- [matchmaking-engine] [nio-8080-exec-1] o.a.c.c.C.[Tomcat].[localhost].[/]       : Initializing Spring DispatcherServlet 'dispatcherServlet'
2026-04-03T12:12:47.484-07:00  INFO 28300 --- [matchmaking-engine] [nio-8080-exec-1] o.s.web.servlet.DispatcherServlet        : Initializing Servlet 'dispatcherServlet'
2026-04-03T12:12:47.486-07:00  INFO 28300 --- [matchmaking-engine] [nio-8080-exec-1] o.s.web.servlet.DispatcherServlet        : Completed initialization in 2 ms
