#
# There is insufficient memory for the Java Runtime Environment to continue.
# Native memory allocation (malloc) failed to allocate 1048576 bytes. Error detail: AllocateHeap
# Possible reasons:
#   The system is out of physical RAM or swap space
#   This process is running with CompressedOops enabled, and the Java Heap may be blocking the growth of the native heap
# Possible solutions:
#   Reduce memory load on the system
#   Increase physical memory or swap space
#   Check if swap backing store is full
#   Decrease Java heap size (-Xmx/-Xms)
#   Decrease number of Java threads
#   Decrease Java thread stack sizes (-Xss)
#   Set larger code cache with -XX:ReservedCodeCacheSize=
#   JVM is running with Unscaled Compressed Oops mode in which the Java heap is
#     placed in the first 4GB address space. The Java Heap base address is the
#     maximum limit for the native heap growth. Please use -XX:HeapBaseMinAddress
#     to set the Java Heap base and to place the Java Heap above 4GB virtual address.
# This output file may be truncated or incomplete.
#
#  Out of Memory Error (allocation.cpp:44), pid=6184, tid=27176
#
# JRE version:  (21.0.10+7) (build )
# Java VM: OpenJDK 64-Bit Server VM (21.0.10+7-LTS, mixed mode, sharing, tiered, compressed oops, compressed class ptrs, parallel gc, windows-amd64)
# No core dump will be written. Minidumps are not enabled by default on client versions of Windows
#

---------------  S U M M A R Y ------------

Command Line: --add-modules=ALL-SYSTEM --add-opens=java.base/java.util=ALL-UNNAMED --add-opens=java.base/java.lang=ALL-UNNAMED --add-opens=java.base/sun.nio.fs=ALL-UNNAMED -Declipse.application=org.eclipse.jdt.ls.core.id1 -Dosgi.bundles.defaultStartLevel=4 -Declipse.product=org.eclipse.jdt.ls.core.product -Djava.import.generatesMetadataFilesAtProjectRoot=false -DDetectVMInstallationsJob.disabled=true -Dfile.encoding=utf8 -XX:+UseParallelGC -XX:GCTimeRatio=4 -XX:AdaptiveSizePolicyWeight=90 -Dsun.zip.disableMemoryMapping=true -Xmx2G -Xms100m -Xlog:disable -javaagent:c:\Users\rjath\.vscode\extensions\redhat.java-1.53.0-win32-x64\lombok\lombok-1.18.39-4050.jar c:\Users\rjath\.vscode\extensions\redhat.java-1.53.0-win32-x64\server\plugins\org.eclipse.equinox.launcher_1.7.100.v20251111-0406.jar -configuration c:\Users\rjath\AppData\Roaming\Code\User\globalStorage\redhat.java\1.53.0\config_ss_win -data c:\Users\rjath\AppData\Roaming\Code\User\workspaceStorage\bf58f780fe180e034bb807f6a3634d45\redhat.java\ss_ws --pipe=\\.\pipe\lsp-c1faf6d372e248393e229d27f59a732a-sock

Host: Intel(R) Core(TM) i7-10510U CPU @ 1.80GHz, 8 cores, 15G,  Windows 11 , 64 bit Build 26100 (10.0.26100.7920)
Time: Fri Apr  3 11:43:40 2026 Pacific Daylight Time elapsed time: 2.580177 seconds (0d 0h 0m 2s)

---------------  T H R E A D  ---------------

Current thread (0x000002bef64364e0):  JavaThread "Unknown thread" [_thread_in_vm, id=27176, stack(0x000000c1eba00000,0x000000c1ebb00000) (1024K)]

Stack: [0x000000c1eba00000,0x000000c1ebb00000]
Native frames: (J=compiled Java code, j=interpreted, Vv=VM code, C=native code)
V  [jvm.dll+0x6d7a39]
V  [jvm.dll+0x8b4b26]
V  [jvm.dll+0x8b70de]
V  [jvm.dll+0x8b77c3]
V  [jvm.dll+0x284346]
V  [jvm.dll+0xc1277]
V  [jvm.dll+0x70ba02]
V  [jvm.dll+0x70c73c]
V  [jvm.dll+0x6e65d3]
V  [jvm.dll+0x87f17c]
V  [jvm.dll+0x3c49fc]
V  [jvm.dll+0x867e6b]
V  [jvm.dll+0x457b31]
V  [jvm.dll+0x459721]
C  [jli.dll+0x52d0]
C  [ucrtbase.dll+0x37b0]
C  [KERNEL32.DLL+0x2e8d7]
C  [ntdll.dll+0x8c48c]


---------------  P R O C E S S  ---------------

Threads class SMR info:
_java_thread_list=0x000002bef6450110, length=1, elements={
0x000002bef64364e0
}

Java Threads: ( => current thread )
=>0x000002bef64364e0 JavaThread "Unknown thread"             [_thread_in_vm, id=27176, stack(0x000000c1eba00000,0x000000c1ebb00000) (1024K)]
Total: 1

Other Threads:
  0x000002befddaca00 WatcherThread "VM Periodic Task Thread"        [id=3636, stack(0x000000c1ebc00000,0x000000c1ebd00000) (1024K)]
  0x000002bef644d070 WorkerThread "GC Thread#0"                     [id=8252, stack(0x000000c1ebb00000,0x000000c1ebc00000) (1024K)]
Total: 2

Threads with active compile tasks:
Total: 0

VM state: not at safepoint (normal execution)

VM Mutex/Monitor currently owned by a thread: None

Heap address: 0x0000000080000000, size: 2048 MB, Compressed Oops mode: 32-bit

CDS archive(s) mapped at: [0x000002be8f000000-0x000002be8fba0000-0x000002be8fba0000), size 12189696, SharedBaseAddress: 0x000002be8f000000, ArchiveRelocationMode: 1.
Compressed class space mapped at: 0x000002be90000000-0x000002bed0000000, reserved size: 1073741824
Narrow klass base: 0x000002be8f000000, Narrow klass shift: 0, Narrow klass range: 0x100000000

GC Precious Log:
 CardTable entry size: 512
 CPUs: 8 total, 8 available
 Memory: 16171M
 Large Page Support: Disabled
 NUMA Support: Disabled
 Compressed Oops: Enabled (32-bit)
 Alignments: Space 512K, Generation 512K, Heap 2M
 Heap Min Capacity: 100M
 Heap Initial Capacity: 100M
 Heap Max Capacity: 2G
 Pre-touch: Disabled
 Parallel Workers: 8

Heap:
 PSYoungGen      total 29696K, used 512K [0x00000000d5580000, 0x00000000d7680000, 0x0000000100000000)
  eden space 25600K, 2% used [0x00000000d5580000,0x00000000d5600020,0x00000000d6e80000)
  from space 4096K, 0% used [0x00000000d7280000,0x00000000d7280000,0x00000000d7680000)
  to   space 4096K, 0% used [0x00000000d6e80000,0x00000000d6e80000,0x00000000d7280000)
 ParOldGen       total 68608K, used 0K [0x0000000080000000, 0x0000000084300000, 0x00000000d5580000)
  object space 68608K, 0% used [0x0000000080000000,0x0000000080000000,0x0000000084300000)
 Metaspace       used 0K, committed 0K, reserved 1048576K
  class space    used 0K, committed 0K, reserved 1048576K

Card table byte_map: [0x000002bef5dc0000,0x000002bef61d0000] _byte_map_base: 0x000002bef59c0000

Marking Bits: (ParMarkBitMap*) 0x00007ffdcd673450
 Begin Bits: [0x000002bef98d0000, 0x000002befb8d0000)
 End Bits:   [0x000002befb8d0000, 0x000002befd8d0000)

Polling page: 0x000002bef42d0000

Metaspace:

Usage:
  Non-class:      0 bytes used.
      Class:      0 bytes used.
       Both:      0 bytes used.

Virtual space:
  Non-class space:        0 bytes reserved,       0 bytes (  ?%) committed,  0 nodes.
      Class space:        1.00 GB reserved,       0 bytes (  0%) committed,  1 nodes.
             Both:        1.00 GB reserved,       0 bytes (  0%) committed. 

Chunk freelists:
   Non-Class:  0 bytes
       Class:  16.00 MB
        Both:  16.00 MB

MaxMetaspaceSize: unlimited
CompressedClassSpaceSize: 1.00 GB
Initial GC threshold: 21.00 MB
Current GC threshold: 17179869184.00 GB
CDS: on
 - commit_granule_bytes: 65536.
 - commit_granule_words: 8192.
 - virtual_space_node_default_size: 8388608.
 - enlarge_chunks_in_place: 1.
 - use_allocation_guard: 0.


Internal statistics:

num_allocs_failed_limit: 0.
num_arena_births: 0.
num_arena_deaths: 0.
num_vsnodes_births: 1.
num_vsnodes_deaths: 0.
num_space_committed: 0.
num_space_uncommitted: 0.
num_chunks_returned_to_freelist: 0.
num_chunks_taken_from_freelist: 1.
num_chunk_merges: 0.
num_chunk_splits: 1.
num_chunks_enlarged: 0.
num_inconsistent_stats: 0.

CodeHeap 'non-profiled nmethods': size=120000Kb used=0Kb max_used=0Kb free=120000Kb
 bounds [0x000002be87ad0000, 0x000002be87d40000, 0x000002be8f000000]
CodeHeap 'profiled nmethods': size=120000Kb used=0Kb max_used=0Kb free=120000Kb
 bounds [0x000002be80000000, 0x000002be80270000, 0x000002be87530000]
CodeHeap 'non-nmethods': size=5760Kb used=194Kb max_used=342Kb free=5565Kb
 bounds [0x000002be87530000, 0x000002be877a0000, 0x000002be87ad0000]
CodeCache: size=245760Kb, used=194Kb, max_used=342Kb, free=245565Kb
 total_blobs=70, nmethods=0, adapters=48, full_count=0
Compilation: enabled, stopped_count=0, restarted_count=0

Compilation events (0 events):
No events

GC Heap History (0 events):
No events

Dll operation events (1 events):
Event: 0.269 Loaded shared library c:\Users\rjath\.vscode\extensions\redhat.java-1.53.0-win32-x64\jre\21.0.10-win32-x86_64\bin\java.dll

Deoptimization events (0 events):
No events

Classes loaded (0 events):
No events

Classes unloaded (0 events):
No events

Classes redefined (0 events):
No events

Internal exceptions (0 events):
No events

ZGC Phase Switch (0 events):
No events

VM Operations (0 events):
No events

Memory protections (0 events):
No events

Nmethod flushes (0 events):
No events

Events (1 events):
Event: 1.371 Thread 0x000002bef64364e0 Thread added: 0x000002bef64364e0


Dynamic libraries:
0x00007ff781bf0000 - 0x00007ff781bfe000 	c:\Users\rjath\.vscode\extensions\redhat.java-1.53.0-win32-x64\jre\21.0.10-win32-x86_64\bin\java.exe
0x00007ffec6c00000 - 0x00007ffec6e67000 	C:\WINDOWS\SYSTEM32\ntdll.dll
0x00007ffec5f20000 - 0x00007ffec5fe9000 	C:\WINDOWS\System32\KERNEL32.DLL
0x00007ffec4240000 - 0x00007ffec4631000 	C:\WINDOWS\System32\KERNELBASE.dll
0x00007ffec0e40000 - 0x00007ffec0edf000 	C:\WINDOWS\SYSTEM32\apphelp.dll
0x00007ffec34e0000 - 0x00007ffec362b000 	C:\WINDOWS\System32\ucrtbase.dll
0x00007ffebb110000 - 0x00007ffebb128000 	c:\Users\rjath\.vscode\extensions\redhat.java-1.53.0-win32-x64\jre\21.0.10-win32-x86_64\bin\jli.dll
0x00007ffec6030000 - 0x00007ffec61f5000 	C:\WINDOWS\System32\USER32.dll
0x00007ffec37b0000 - 0x00007ffec37d7000 	C:\WINDOWS\System32\win32u.dll
0x00007ffec6710000 - 0x00007ffec673b000 	C:\WINDOWS\System32\GDI32.dll
0x00007ffec4870000 - 0x00007ffec499b000 	C:\WINDOWS\System32\gdi32full.dll
0x00007ffec3920000 - 0x00007ffec39c3000 	C:\WINDOWS\System32\msvcp_win.dll
0x00007ffeb1440000 - 0x00007ffeb145e000 	c:\Users\rjath\.vscode\extensions\redhat.java-1.53.0-win32-x64\jre\21.0.10-win32-x86_64\bin\VCRUNTIME140.dll
0x00007ffea48b0000 - 0x00007ffea4b43000 	C:\WINDOWS\WinSxS\amd64_microsoft.windows.common-controls_6595b64144ccf1df_6.0.26100.8037_none_3e092faae333b53b\COMCTL32.dll
0x00007ffec4fa0000 - 0x00007ffec5049000 	C:\WINDOWS\System32\msvcrt.dll
0x00007ffec68e0000 - 0x00007ffec6911000 	C:\WINDOWS\System32\IMM32.DLL
0x00007ffebb550000 - 0x00007ffebb55c000 	c:\Users\rjath\.vscode\extensions\redhat.java-1.53.0-win32-x64\jre\21.0.10-win32-x86_64\bin\vcruntime140_1.dll
0x00007ffe8f670000 - 0x00007ffe8f6fd000 	c:\Users\rjath\.vscode\extensions\redhat.java-1.53.0-win32-x64\jre\21.0.10-win32-x86_64\bin\msvcp140.dll
0x00007ffdcc9b0000 - 0x00007ffdcd751000 	c:\Users\rjath\.vscode\extensions\redhat.java-1.53.0-win32-x64\jre\21.0.10-win32-x86_64\bin\server\jvm.dll
0x00007ffec6600000 - 0x00007ffec66bb000 	C:\WINDOWS\System32\ADVAPI32.dll
0x00007ffec6920000 - 0x00007ffec69c7000 	C:\WINDOWS\System32\sechost.dll
0x00007ffec6360000 - 0x00007ffec6478000 	C:\WINDOWS\System32\RPCRT4.dll
0x00007ffec5100000 - 0x00007ffec5174000 	C:\WINDOWS\System32\WS2_32.dll
0x00007ffec3360000 - 0x00007ffec33be000 	C:\WINDOWS\SYSTEM32\POWRPROF.dll
0x00007ffeab740000 - 0x00007ffeab775000 	C:\WINDOWS\SYSTEM32\WINMM.dll
0x00007ffeb5990000 - 0x00007ffeb599b000 	C:\WINDOWS\SYSTEM32\VERSION.dll
0x00007ffec3340000 - 0x00007ffec3354000 	C:\WINDOWS\SYSTEM32\UMPDC.dll
0x00007ffec2250000 - 0x00007ffec226b000 	C:\WINDOWS\SYSTEM32\kernel.appcore.dll
0x00007ffeb9f90000 - 0x00007ffeb9f9a000 	c:\Users\rjath\.vscode\extensions\redhat.java-1.53.0-win32-x64\jre\21.0.10-win32-x86_64\bin\jimage.dll
0x00007ffeb15d0000 - 0x00007ffeb1812000 	C:\WINDOWS\SYSTEM32\DBGHELP.DLL
0x00007ffec49a0000 - 0x00007ffec4d22000 	C:\WINDOWS\System32\combase.dll
0x00007ffec4e30000 - 0x00007ffec4f07000 	C:\WINDOWS\System32\OLEAUT32.dll
0x00007ffe9e050000 - 0x00007ffe9e08b000 	C:\WINDOWS\SYSTEM32\dbgcore.DLL
0x00007ffec37e0000 - 0x00007ffec3885000 	C:\WINDOWS\System32\bcryptPrimitives.dll
0x00007ffeb6720000 - 0x00007ffeb672f000 	c:\Users\rjath\.vscode\extensions\redhat.java-1.53.0-win32-x64\jre\21.0.10-win32-x86_64\bin\instrument.dll
0x00007ffea9de0000 - 0x00007ffea9e00000 	c:\Users\rjath\.vscode\extensions\redhat.java-1.53.0-win32-x64\jre\21.0.10-win32-x86_64\bin\java.dll

JVMTI agents:
c:\Users\rjath\.vscode\extensions\redhat.java-1.53.0-win32-x64\lombok\lombok-1.18.39-4050.jar path:none, loaded, not initialized, instrumentlib options:none

dbghelp: loaded successfully - version: 4.0.5 - missing functions: none
symbol engine: initialized successfully - sym options: 0x614 - pdb path: .;c:\Users\rjath\.vscode\extensions\redhat.java-1.53.0-win32-x64\jre\21.0.10-win32-x86_64\bin;C:\WINDOWS\SYSTEM32;C:\WINDOWS\WinSxS\amd64_microsoft.windows.common-controls_6595b64144ccf1df_6.0.26100.8037_none_3e092faae333b53b;c:\Users\rjath\.vscode\extensions\redhat.java-1.53.0-win32-x64\jre\21.0.10-win32-x86_64\bin\server

VM Arguments:
jvm_args: --add-modules=ALL-SYSTEM --add-opens=java.base/java.util=ALL-UNNAMED --add-opens=java.base/java.lang=ALL-UNNAMED --add-opens=java.base/sun.nio.fs=ALL-UNNAMED -Declipse.application=org.eclipse.jdt.ls.core.id1 -Dosgi.bundles.defaultStartLevel=4 -Declipse.product=org.eclipse.jdt.ls.core.product -Djava.import.generatesMetadataFilesAtProjectRoot=false -DDetectVMInstallationsJob.disabled=true -Dfile.encoding=utf8 -XX:+UseParallelGC -XX:GCTimeRatio=4 -XX:AdaptiveSizePolicyWeight=90 -Dsun.zip.disableMemoryMapping=true -Xmx2G -Xms100m -Xlog:disable -javaagent:c:\Users\rjath\.vscode\extensions\redhat.java-1.53.0-win32-x64\lombok\lombok-1.18.39-4050.jar 
java_command: c:\Users\rjath\.vscode\extensions\redhat.java-1.53.0-win32-x64\server\plugins\org.eclipse.equinox.launcher_1.7.100.v20251111-0406.jar -configuration c:\Users\rjath\AppData\Roaming\Code\User\globalStorage\redhat.java\1.53.0\config_ss_win -data c:\Users\rjath\AppData\Roaming\Code\User\workspaceStorage\bf58f780fe180e034bb807f6a3634d45\redhat.java\ss_ws --pipe=\\.\pipe\lsp-c1faf6d372e248393e229d27f59a732a-sock
java_class_path (initial): c:\Users\rjath\.vscode\extensions\redhat.java-1.53.0-win32-x64\server\plugins\org.eclipse.equinox.launcher_1.7.100.v20251111-0406.jar
Launcher Type: SUN_STANDARD

[Global flags]
    uintx AdaptiveSizePolicyWeight                 = 90                                        {product} {command line}
     intx CICompilerCount                          = 4                                         {product} {ergonomic}
    uintx GCTimeRatio                              = 4                                         {product} {command line}
   size_t InitialHeapSize                          = 104857600                                 {product} {command line}
   size_t MaxHeapSize                              = 2147483648                                {product} {command line}
   size_t MaxNewSize                               = 715653120                                 {product} {ergonomic}
   size_t MinHeapDeltaBytes                        = 524288                                    {product} {ergonomic}
   size_t MinHeapSize                              = 104857600                                 {product} {command line}
   size_t NewSize                                  = 34603008                                  {product} {ergonomic}
    uintx NonNMethodCodeHeapSize                   = 5839372                                {pd product} {ergonomic}
    uintx NonProfiledCodeHeapSize                  = 122909434                              {pd product} {ergonomic}
   size_t OldSize                                  = 70254592                                  {product} {ergonomic}
    uintx ProfiledCodeHeapSize                     = 122909434                              {pd product} {ergonomic}
    uintx ReservedCodeCacheSize                    = 251658240                              {pd product} {ergonomic}
     bool SegmentedCodeCache                       = true                                      {product} {ergonomic}
   size_t SoftMaxHeapSize                          = 2147483648                             {manageable} {ergonomic}
     bool UseCompressedOops                        = true                           {product lp64_product} {ergonomic}
     bool UseLargePagesIndividualAllocation        = false                                  {pd product} {ergonomic}
     bool UseParallelGC                            = true                                      {product} {command line}

Logging:
Log output configuration:
 #0: stdout all=off uptime,level,tags foldmultilines=false
 #1: stderr all=off uptime,level,tags foldmultilines=false

Release file:
<release file has not been read>
Environment Variables:
JAVA_HOME=C:\Java\jdk-21
PATH=C:\Users\rjath\AppData\Local\Programs\Microsoft VS Code;C:\Program Files\Eclipse Adoptium\jdk-21.0.10.7-hotspot\bin;C:\Java\jdk-21\bin;C:\Users\rjath\AppData\Local\Programs\Python\Python313\;C:\Program Files\Eclipse Adoptium\jdk-11.0.25.9-hotspot\bin;C:\Program Files\Java\jdk-17\bin;C:\Users\rjath\AppData\Local\Programs\Python\Python312\Scripts\;C:\Users\rjath\AppData\Local\Programs\Python\Python312\;C:\Program Files\Microsoft\jdk-21.0.1.12-hotspot\bin;C:\Users\rjath\AppData\Local\Programs\Python\Python39\Scripts\;C:\Users\rjath\AppData\Local\Programs\Python\Python39\;C:\Python39\Scripts\;C:\Python39\;C:\WINDOWS\system32;C:\WINDOWS;C:\WINDOWS\System32\Wbem;C:\WINDOWS\System32\WindowsPowerShell\v1.0\;C:\WINDOWS\System32\OpenSSH\;C:\Python\Python39;C:\Program Files\Java\jdk-16.0.2\bin;C:\Program Files\dotnet\;C:\Program Files\Git\cmd;C:\Program Files\PostgreSQL\16\bin;C:\Program Files\Docker\Docker\resources\bin;C:\ProgramData\chocolatey\bin;C:\Program Files\Microsoft Visual Studio\2022\Community\VC\Tools\MSVC\14.37.32822\bin\Hostx86\x86;C:\Program Files (x86)\Windows Kits\10\Windows Performance Toolkit\;C:\ProgramData\chocolatey\lib\maven\apache-maven-3.9.9\bin;C:\Program Files\Go\bin;C:\Program Files\Terraform;C:\PROGRA~1\Red Gate\Flyway Desktop\;C:\Users\rjath\AppData\Local\nvm;C:\nvm4w\nodejs;C:\Program Files\MATLAB\R2025b\bin;C:\Java\jdk-21\bin;C:\Users\rjath\.local\bin;C:\Users\rjath\AppData\Local\Programs\Python\Python313\;C:\Users\rjath\AppData\Local\Programs\Python\Python312\Scripts\;C:\Program Files\Microsoft\jdk-21.0.1.12-hotspot\bin;C:\Python39\Scripts\;C:\Python39\;C:\WINDOWS\system32;C:\WINDOWS;C:\WINDOWS\System32\Wbem;C:\WINDOWS\System32\WindowsPowerShell\v1.0\;C:\WINDOWS\System32\OpenSSH\;C:\Python\Python39;C:\Program Files\Git\cmd;C:\Program Files\PostgreSQL\16\bin;C:\Program Files\Docker\Docker\resources\bin;C:\ProgramData\chocolatey\bin;C:\Program Files\Microsoft Visual Studio\2022\Community\VC\Tools\MSVC\14.37.32822\bin\Hostx86\x86;C:\Program Files (x86)\Windows Kits\10\Windows Performance Toolkit\;C:\ProgramData\chocolatey\lib\maven\apache-maven-3.9.9\bin;C:\Program Files\Terraform;C:\PROGRA~1\Red Gate\Flyway Desktop\;C:\Java\jdk-21\bin;C:\Users\rjath\AppData\Local\Programs\Python\Python313\;C:\Program Files\Eclipse Adoptium\jdk-11.0.25.9-hotspot\bin;C:\Program Files\Java\jdk-17\bin;C:\Python39\Scripts\;C:\Python39\;C:\WINDOWS\system32;C:\WINDOWS;C:\WINDOWS\System32\Wbem;C:\WINDOWS\System32\WindowsPowerShell\v1.0\;C:\WINDOWS\System32\OpenSSH\;C:\Python\Python39;C:\Program Files\Java\jdk-16.0.2\bin;C:\Program Files\dotnet\;C:\Program Files\Git\cmd;C:\Program Files\PostgreSQL\16\bin;C:\Program Files\Docker\Docker\resources\bin;C:\ProgramData\chocolatey\bin;C:\Program Files\Microsoft Visual Studio\2022\Community\VC\Tools\MSVC\14.37.32822\bin\Hostx86\x86;C:\Program Files (x86)\Windows Kits\10\Windows Performance Toolkit\;C:\ProgramData\chocolatey\lib\maven\apache-maven-3.9.9\bin;C:\Program Files\Terraform;C:\PROGRA~1\Red Gate\Flyway Desktop\;C:\Users\rjath\AppData\Local\Programs\Python\Python313\;C:\Users\rjath\AppData\Local\Programs\Microsoft VS Code\bin;C:\Users\rjath\AppData\Roaming\npm;C:\Users\rjath\AppData\Local\nvm;C:\nvm4w\nodejs;
USERNAME=rjath
OS=Windows_NT
PROCESSOR_IDENTIFIER=Intel64 Family 6 Model 142 Stepping 12, GenuineIntel
TMP=C:\Users\rjath\AppData\Local\Temp
TEMP=C:\Users\rjath\AppData\Local\Temp




Periodic native trim disabled

---------------  S Y S T E M  ---------------

OS:
 Windows 11 , 64 bit Build 26100 (10.0.26100.7920)
OS uptime: 22 days 15:41 hours
Hyper-V role detected

CPU: total 8 (initial active 8) (4 cores per cpu, 2 threads per core) family 6 model 142 stepping 12 microcode 0xde, cx8, cmov, fxsr, ht, mmx, 3dnowpref, sse, sse2, sse3, ssse3, sse4.1, sse4.2, popcnt, lzcnt, tsc, tscinvbit, avx, avx2, aes, erms, clmul, bmi1, bmi2, adx, fma, vzeroupper, clflush, clflushopt, hv, rdtscp, f16c
Processor Information for the first 8 processors :
  Max Mhz: 2304, Current Mhz: 1803, Mhz Limit: 1797

Memory: 4k page, system-wide physical 16171M (191M free)
TotalPageFile size 27856M (AvailPageFile size 9M)
current process WorkingSet (physical memory assigned to process): 26M, peak: 26M
current process commit charge ("private bytes"): 201M, peak: 202M

vm_info: OpenJDK 64-Bit Server VM (21.0.10+7-LTS) for windows-amd64 JRE (21.0.10+7-LTS), built on 2026-01-20T00:00:00Z by "admin" with MS VC++ 17.12 (VS2022)

END.
